# sigtoperl: x86_64 Linux unix2.lt.ucsc.edu
# sigtoperl: Thu Feb  7 14:27:20 2019
my %strsignal = (
    1 => "Hangup",
    2 => "Interrupt",
    3 => "Quit",
    4 => "Illegal instruction",
    5 => "Trace/breakpoint trap",
    6 => "Aborted",
    7 => "Bus error",
    8 => "Floating point exception",
    9 => "Killed",
   11 => "Segmentation fault",
   13 => "Broken pipe",
   14 => "Alarm clock",
   15 => "Terminated",
   16 => "Stack fault",
   17 => "Child exited",
   18 => "Continued",
   19 => "Stopped (signal)",
   20 => "Stopped",
   21 => "Stopped (tty input)",
   22 => "Stopped (tty output)",
   24 => "CPU time limit exceeded",
   25 => "File size limit exceeded",
   26 => "Virtual timer expired",
   27 => "Profiling timer expired",
   28 => "Window changed",
   29 => "I/O possible",
   30 => "Power failure",
   31 => "Bad system call",
);
